<?xml version="1.0" encoding="UTF-8"?>
<testng-results ignored="0" total="1" passed="0" failed="1" skipped="0">
  <reporter-output>
  </reporter-output>
  <suite started-at="2024-11-19T23:41:42 PST" name="Default suite" finished-at="2024-11-19T23:42:27 PST" duration-ms="45614">
    <groups>
    </groups>
    <test started-at="2024-11-19T23:41:42 PST" name="Default test" finished-at="2024-11-19T23:42:27 PST" duration-ms="45614">
      <class name="com.app.testcases.CartTest">
        <test-method is-config="true" signature="startServer()[pri:0, instance:com.app.testcases.CartTest@1601e47]" started-at="2024-11-19T23:41:37 PST" name="startServer" finished-at="2024-11-19T23:41:42 PST" duration-ms="5234" status="PASS">
          <reporter-output>
          </reporter-output>
        </test-method> <!-- startServer -->
        <test-method signature="verifyWebviewOfTheApp()[pri:0, instance:com.app.testcases.CartTest@1601e47]" started-at="2024-11-19T23:41:42 PST" name="verifyWebviewOfTheApp" description="verify Webview of the general store application" finished-at="2024-11-19T23:42:27 PST" duration-ms="45554" status="FAIL">
          <exception class="io.appium.java_client.NoSuchContextException">
            <message>
              <![CDATA[An unknown server-side error occurred while processing the command. Original error: No Chromedriver found that can automate Chrome '130.0.6723'. You could also try to enable automated chromedrivers download as a possible workaround.
Build info: version: '4.26.0', revision: '8ccf0219d7'
System info: os.name: 'Windows 11', os.arch: 'amd64', os.version: '10.0', java.version: '22.0.2'
Driver info: io.appium.java_client.android.AndroidDriver
Command: [002398bd-bc2e-4d6a-8663-5fdb4436c585, switchToContext {name=WEBVIEW_com.androidsample.generalstore}]
Capabilities {appium:app: C:\Users\shiva\OneDrive\Des..., appium:appActivity: com.androidsample.generalst..., appium:appPackage: com.androidsample.generalstore, appium:automationName: UiAutomator2, appium:databaseEnabled: false, appium:desired: {app: C:\Users\shiva\OneDrive\Des..., appActivity: com.androidsample.generalst..., appPackage: com.androidsample.generalstore, automationName: UiAutomator2, deviceName: 334f575741573398, platformName: ANDROID, platformVersion: 10}, appium:deviceApiLevel: 29, appium:deviceManufacturer: samsung, appium:deviceModel: SM-G960U1, appium:deviceName: 334f575741573398, appium:deviceScreenDensity: 480, appium:deviceScreenSize: 1080x2220, appium:deviceUDID: 334f575741573398, appium:javascriptEnabled: true, appium:locationContextEnabled: false, appium:networkConnectionEnabled: true, appium:pixelRatio: 3, appium:platformVersion: 10, appium:statBarHeight: 72, appium:takesScreenshot: true, appium:viewportRect: {height: 2148, left: 0, top: 72, width: 1080}, appium:warnings: {}, appium:webStorageEnabled: false, platformName: ANDROID}
Session ID: 002398bd-bc2e-4d6a-8663-5fdb4436c585]]>
            </message>
            <full-stacktrace>
              <![CDATA[io.appium.java_client.NoSuchContextException: An unknown server-side error occurred while processing the command. Original error: No Chromedriver found that can automate Chrome '130.0.6723'. You could also try to enable automated chromedrivers download as a possible workaround.
Build info: version: '4.26.0', revision: '8ccf0219d7'
System info: os.name: 'Windows 11', os.arch: 'amd64', os.version: '10.0', java.version: '22.0.2'
Driver info: io.appium.java_client.android.AndroidDriver
Command: [002398bd-bc2e-4d6a-8663-5fdb4436c585, switchToContext {name=WEBVIEW_com.androidsample.generalstore}]
Capabilities {appium:app: C:\Users\shiva\OneDrive\Des..., appium:appActivity: com.androidsample.generalst..., appium:appPackage: com.androidsample.generalstore, appium:automationName: UiAutomator2, appium:databaseEnabled: false, appium:desired: {app: C:\Users\shiva\OneDrive\Des..., appActivity: com.androidsample.generalst..., appPackage: com.androidsample.generalstore, automationName: UiAutomator2, deviceName: 334f575741573398, platformName: ANDROID, platformVersion: 10}, appium:deviceApiLevel: 29, appium:deviceManufacturer: samsung, appium:deviceModel: SM-G960U1, appium:deviceName: 334f575741573398, appium:deviceScreenDensity: 480, appium:deviceScreenSize: 1080x2220, appium:deviceUDID: 334f575741573398, appium:javascriptEnabled: true, appium:locationContextEnabled: false, appium:networkConnectionEnabled: true, appium:pixelRatio: 3, appium:platformVersion: 10, appium:statBarHeight: 72, appium:takesScreenshot: true, appium:viewportRect: {height: 2148, left: 0, top: 72, width: 1080}, appium:warnings: {}, appium:webStorageEnabled: false, platformName: ANDROID}
Session ID: 002398bd-bc2e-4d6a-8663-5fdb4436c585
at io.appium.java_client.remote.SupportsContextSwitching.context(SupportsContextSwitching.java:48)
at com.app.testcases.CartTest.verifyWebviewOfTheApp(CartTest.java:143)
at java.base/jdk.internal.reflect.DirectMethodHandleAccessor.invoke(DirectMethodHandleAccessor.java:103)
at java.base/java.lang.reflect.Method.invoke(Method.java:580)
at org.testng.internal.invokers.MethodInvocationHelper.invokeMethod(MethodInvocationHelper.java:139)
at org.testng.internal.invokers.TestInvoker.invokeMethod(TestInvoker.java:664)
at org.testng.internal.invokers.TestInvoker.invokeTestMethod(TestInvoker.java:227)
at org.testng.internal.invokers.MethodRunner.runInSequence(MethodRunner.java:50)
at org.testng.internal.invokers.TestInvoker$MethodInvocationAgent.invoke(TestInvoker.java:957)
at org.testng.internal.invokers.TestInvoker.invokeTestMethods(TestInvoker.java:200)
at org.testng.internal.invokers.TestMethodWorker.invokeTestMethods(TestMethodWorker.java:148)
at org.testng.internal.invokers.TestMethodWorker.run(TestMethodWorker.java:128)
at java.base/java.util.ArrayList.forEach(ArrayList.java:1597)
at org.testng.TestRunner.privateRun(TestRunner.java:848)
at org.testng.TestRunner.run(TestRunner.java:621)
at org.testng.SuiteRunner.runTest(SuiteRunner.java:443)
at org.testng.SuiteRunner.runSequentially(SuiteRunner.java:437)
at org.testng.SuiteRunner.privateRun(SuiteRunner.java:397)
at org.testng.SuiteRunner.run(SuiteRunner.java:336)
at org.testng.SuiteRunnerWorker.runSuite(SuiteRunnerWorker.java:52)
at org.testng.SuiteRunnerWorker.run(SuiteRunnerWorker.java:95)
at org.testng.TestNG.runSuitesSequentially(TestNG.java:1280)
at org.testng.TestNG.runSuitesLocally(TestNG.java:1200)
at org.testng.TestNG.runSuites(TestNG.java:1114)
at org.testng.TestNG.run(TestNG.java:1082)
at org.testng.remote.AbstractRemoteTestNG.run(AbstractRemoteTestNG.java:115)
at org.testng.remote.RemoteTestNG.initAndRun(RemoteTestNG.java:293)
at org.testng.remote.RemoteTestNG.main(RemoteTestNG.java:91)
Caused by: org.openqa.selenium.WebDriverException: An unknown server-side error occurred while processing the command. Original error: No Chromedriver found that can automate Chrome '130.0.6723'. You could also try to enable automated chromedrivers download as a possible workaround.
Build info: version: '4.26.0', revision: '8ccf0219d7'
System info: os.name: 'Windows 11', os.arch: 'amd64', os.version: '10.0', java.version: '22.0.2'
Driver info: io.appium.java_client.android.AndroidDriver
Command: [002398bd-bc2e-4d6a-8663-5fdb4436c585, switchToContext {name=WEBVIEW_com.androidsample.generalstore}]
Capabilities {appium:app: C:\Users\shiva\OneDrive\Des..., appium:appActivity: com.androidsample.generalst..., appium:appPackage: com.androidsample.generalstore, appium:automationName: UiAutomator2, appium:databaseEnabled: false, appium:desired: {app: C:\Users\shiva\OneDrive\Des..., appActivity: com.androidsample.generalst..., appPackage: com.androidsample.generalstore, automationName: UiAutomator2, deviceName: 334f575741573398, platformName: ANDROID, platformVersion: 10}, appium:deviceApiLevel: 29, appium:deviceManufacturer: samsung, appium:deviceModel: SM-G960U1, appium:deviceName: 334f575741573398, appium:deviceScreenDensity: 480, appium:deviceScreenSize: 1080x2220, appium:deviceUDID: 334f575741573398, appium:javascriptEnabled: true, appium:locationContextEnabled: false, appium:networkConnectionEnabled: true, appium:pixelRatio: 3, appium:platformVersion: 10, appium:statBarHeight: 72, appium:takesScreenshot: true, appium:viewportRect: {height: 2148, left: 0, top: 72, width: 1080}, appium:warnings: {}, appium:webStorageEnabled: false, platformName: ANDROID}
Session ID: 002398bd-bc2e-4d6a-8663-5fdb4436c585
at java.base/jdk.internal.reflect.DirectConstructorHandleAccessor.newInstance(DirectConstructorHandleAccessor.java:62)
at java.base/java.lang.reflect.Constructor.newInstanceWithCaller(Constructor.java:502)
at java.base/java.lang.reflect.Constructor.newInstance(Constructor.java:486)
at org.openqa.selenium.remote.ErrorCodec.decode(ErrorCodec.java:167)
at org.openqa.selenium.remote.codec.w3c.W3CHttpResponseCodec.decode(W3CHttpResponseCodec.java:138)
at org.openqa.selenium.remote.codec.w3c.W3CHttpResponseCodec.decode(W3CHttpResponseCodec.java:50)
at org.openqa.selenium.remote.HttpCommandExecutor.execute(HttpCommandExecutor.java:190)
at io.appium.java_client.remote.AppiumCommandExecutor.execute(AppiumCommandExecutor.java:237)
at org.openqa.selenium.remote.RemoteWebDriver.execute(RemoteWebDriver.java:545)
at org.openqa.selenium.remote.RemoteWebDriver.execute(RemoteWebDriver.java:618)
at io.appium.java_client.AppiumDriver.execute(AppiumDriver.java:302)
at io.appium.java_client.remote.SupportsContextSwitching.context(SupportsContextSwitching.java:45)
... 27 more
]]>
            </full-stacktrace>
          </exception> <!-- io.appium.java_client.NoSuchContextException -->
          <reporter-output>
          </reporter-output>
        </test-method> <!-- verifyWebviewOfTheApp -->
        <test-method is-config="true" signature="stopServer()[pri:0, instance:com.app.testcases.CartTest@1601e47]" started-at="2024-11-19T23:42:27 PST" name="stopServer" finished-at="2024-11-19T23:42:27 PST" duration-ms="5" status="PASS">
          <reporter-output>
          </reporter-output>
        </test-method> <!-- stopServer -->
      </class> <!-- com.app.testcases.CartTest -->
    </test> <!-- Default test -->
  </suite> <!-- Default suite -->
</testng-results>
